Added Component: Designator=C1(CAP100)
Add component. Clean all parameters for all variants
Added Component: Designator=C2(CAP100)
Add component. Clean all parameters for all variants
Added Component: Designator=R1(RES300)
Add component. Clean all parameters for all variants
Added Component: Designator=R2(RES300)
Add component. Clean all parameters for all variants
Added Component: Designator=R3(RES300)
Add component. Clean all parameters for all variants
Added Component: Designator=R4(RES300)
Add component. Clean all parameters for all variants
Added Component: Designator=R5(RES300)
Add component. Clean all parameters for all variants
Added Component: Designator=R6(RES300)
Add component. Clean all parameters for all variants
Added Component: Designator=R7(RES300)
Add component. Clean all parameters for all variants
Added Pin To Net: NetName=NetC1_1 Pin=C1-1
Added Pin To Net: NetName=NetC1_2 Pin=C1-2
Added Pin To Net: NetName=NetC2_1 Pin=C2-1
Added Pin To Net: NetName=NetC2_2 Pin=C2-2
Added Pin To Net: NetName=NetR1_1 Pin=R1-1
Added Pin To Net: NetName=NetC1_1 Pin=R1-2
Added Pin To Net: NetName=NetC1_1 Pin=R2-1
Added Pin To Net: NetName=NetC2_1 Pin=R2-2
Added Pin To Net: NetName=NetR1_1 Pin=R3-1
Added Pin To Net: NetName=NetC1_1 Pin=R3-2
Added Pin To Net: NetName=NetC1_1 Pin=R4-1
Added Pin To Net: NetName=NetC2_1 Pin=R4-2
Added Pin To Net: NetName=NetR5_1 Pin=R5-1
Added Pin To Net: NetName=NetR5_2 Pin=R5-2
Added Pin To Net: NetName=NetC1_2 Pin=R6-1
Added Pin To Net: NetName=NetR5_1 Pin=R6-2
Added Pin To Net: NetName=NetC2_2 Pin=R7-1
Added Pin To Net: NetName=NetR5_2 Pin=R7-2
Added Member To Class: ClassName=C1 Member=Component C1 CAP
Added Member To Class: ClassName=C1 Member=Component C2 CAP
Added Member To Class: ClassName=C1 Member=Component R1 RES
Added Member To Class: ClassName=C1 Member=Component R2 RES
Added Member To Class: ClassName=C1 Member=Component R3 RES
Added Member To Class: ClassName=C1 Member=Component R4 RES
Added Member To Class: ClassName=C1 Member=Component R5 RES
Added Member To Class: ClassName=C1 Member=Component R6 RES
Added Member To Class: ClassName=C1 Member=Component R7 RES
Added Room: Name=C1
